0 info it worked if it ends with ok
1 verbose cli [ 'node', '/usr/local/bin/npm', 'install', '-g', 'socket.io' ]
2 info using npm@1.4.28
3 info using node@v0.10.32
4 verbose cache add [ 'socket.io', null ]
5 verbose cache add name=undefined spec="socket.io" args=["socket.io",null]
6 verbose parsed url { protocol: null,
6 verbose parsed url   slashes: null,
6 verbose parsed url   auth: null,
6 verbose parsed url   host: null,
6 verbose parsed url   port: null,
6 verbose parsed url   hostname: null,
6 verbose parsed url   hash: null,
6 verbose parsed url   search: null,
6 verbose parsed url   query: null,
6 verbose parsed url   pathname: 'socket.io',
6 verbose parsed url   path: 'socket.io',
6 verbose parsed url   href: 'socket.io' }
7 silly lockFile 71475bfd-socket-io socket.io
8 verbose lock socket.io /Users/faizaanshamsi/.npm/71475bfd-socket-io.lock
9 silly lockFile 71475bfd-socket-io socket.io
10 silly lockFile 71475bfd-socket-io socket.io
11 verbose addNamed [ 'socket.io', '' ]
12 verbose addNamed [ null, '*' ]
13 silly lockFile c03de861-socket-io socket.io@
14 verbose lock socket.io@ /Users/faizaanshamsi/.npm/c03de861-socket-io.lock
15 silly addNameRange { name: 'socket.io', range: '*', hasData: false }
16 verbose request where is /socket.io
17 verbose request registry https://registry.npmjs.org/
18 verbose request id f31c4402e3305a67
19 verbose url raw /socket.io
20 verbose url resolving [ 'https://registry.npmjs.org/', './socket.io' ]
21 verbose url resolved https://registry.npmjs.org/socket.io
22 verbose request where is https://registry.npmjs.org/socket.io
23 info trying registry request attempt 1 at 11:44:47
24 verbose etag "4RCRBGBI6FR3FBY5NXR1L8LYH"
25 http GET https://registry.npmjs.org/socket.io
26 http 200 https://registry.npmjs.org/socket.io
27 silly registry.get cb [ 200,
27 silly registry.get   { date: 'Sat, 27 Sep 2014 15:44:47 GMT',
27 silly registry.get     server: 'CouchDB/1.5.0 (Erlang OTP/R16B03)',
27 silly registry.get     etag: '"E3EDAEDTXBRB7COPCV5IC4JDN"',
27 silly registry.get     'content-type': 'application/json',
27 silly registry.get     'cache-control': 'max-age=60',
27 silly registry.get     'content-length': '98602',
27 silly registry.get     'accept-ranges': 'bytes',
27 silly registry.get     via: '1.1 varnish',
27 silly registry.get     age: '868',
27 silly registry.get     'x-served-by': 'cache-iad2128-IAD',
27 silly registry.get     'x-cache': 'HIT',
27 silly registry.get     'x-cache-hits': '25',
27 silly registry.get     'x-timer': 'S1411832687.511336,VS0,VE0',
27 silly registry.get     vary: 'Accept',
27 silly registry.get     'keep-alive': 'timeout=10, max=50',
27 silly registry.get     connection: 'Keep-Alive' } ]
28 silly addNameRange number 2 { name: 'socket.io', range: '*', hasData: true }
29 silly addNameRange versions [ 'socket.io',
29 silly addNameRange   [ '0.3.8',
29 silly addNameRange     '0.4.0',
29 silly addNameRange     '0.4.1',
29 silly addNameRange     '0.5.1',
29 silly addNameRange     '0.5.3',
29 silly addNameRange     '0.6.0',
29 silly addNameRange     '0.6.1',
29 silly addNameRange     '0.6.3',
29 silly addNameRange     '0.6.4',
29 silly addNameRange     '0.6.5',
29 silly addNameRange     '0.6.6',
29 silly addNameRange     '0.6.7',
29 silly addNameRange     '0.6.8',
29 silly addNameRange     '0.6.9',
29 silly addNameRange     '0.6.10',
29 silly addNameRange     '0.6.11',
29 silly addNameRange     '0.6.12',
29 silly addNameRange     '0.6.14',
29 silly addNameRange     '0.6.15',
29 silly addNameRange     '0.6.16',
29 silly addNameRange     '0.6.17',
29 silly addNameRange     '0.6.18',
29 silly addNameRange     '0.7.0',
29 silly addNameRange     '0.7.1',
29 silly addNameRange     '0.7.2',
29 silly addNameRange     '0.7.3',
29 silly addNameRange     '0.7.4',
29 silly addNameRange     '0.7.5',
29 silly addNameRange     '0.7.6',
29 silly addNameRange     '0.7.7',
29 silly addNameRange     '0.7.8',
29 silly addNameRange     '0.7.9',
29 silly addNameRange     '0.7.10',
29 silly addNameRange     '0.7.11',
29 silly addNameRange     '0.8.0',
29 silly addNameRange     '0.8.1',
29 silly addNameRange     '0.8.2',
29 silly addNameRange     '0.8.3',
29 silly addNameRange     '0.8.4',
29 silly addNameRange     '0.8.5',
29 silly addNameRange     '0.8.6',
29 silly addNameRange     '0.8.7',
29 silly addNameRange     '0.9.0',
29 silly addNameRange     '0.9.1',
29 silly addNameRange     '0.9.1-1',
29 silly addNameRange     '0.9.2',
29 silly addNameRange     '0.9.3',
29 silly addNameRange     '0.9.4',
29 silly addNameRange     '0.9.5',
29 silly addNameRange     '0.9.6',
29 silly addNameRange     '0.9.7',
29 silly addNameRange     '0.9.8',
29 silly addNameRange     '0.9.9',
29 silly addNameRange     '0.9.10',
29 silly addNameRange     '0.9.11',
29 silly addNameRange     '0.9.12',
29 silly addNameRange     '0.9.13',
29 silly addNameRange     '0.9.14',
29 silly addNameRange     '0.9.15',
29 silly addNameRange     '0.9.16',
29 silly addNameRange     '1.0.0-pre',
29 silly addNameRange     '1.0.0-pre2',
29 silly addNameRange     '1.0.0-pre3',
29 silly addNameRange     '1.0.0-pre4',
29 silly addNameRange     '1.0.0-pre5',
29 silly addNameRange     '0.9.17',
29 silly addNameRange     '1.0.0',
29 silly addNameRange     '1.0.1',
29 silly addNameRange     '1.0.2',
29 silly addNameRange     '1.0.3',
29 silly addNameRange     '1.0.4',
29 silly addNameRange     '1.0.5',
29 silly addNameRange     '1.0.6',
29 silly addNameRange     '1.1.0' ] ]
30 verbose addNamed [ 'socket.io', '1.1.0' ]
31 verbose addNamed [ '1.1.0', '1.1.0' ]
32 silly lockFile 8bfafe15-socket-io-1-1-0 socket.io@1.1.0
33 verbose lock socket.io@1.1.0 /Users/faizaanshamsi/.npm/8bfafe15-socket-io-1-1-0.lock
34 silly lockFile 8bfafe15-socket-io-1-1-0 socket.io@1.1.0
35 silly lockFile 8bfafe15-socket-io-1-1-0 socket.io@1.1.0
36 silly lockFile c03de861-socket-io socket.io@
37 silly lockFile c03de861-socket-io socket.io@
38 silly resolved [ { name: 'socket.io',
38 silly resolved     version: '1.1.0',
38 silly resolved     description: 'node.js realtime framework server',
38 silly resolved     keywords:
38 silly resolved      [ 'realtime',
38 silly resolved        'framework',
38 silly resolved        'websocket',
38 silly resolved        'tcp',
38 silly resolved        'events',
38 silly resolved        'socket',
38 silly resolved        'io' ],
38 silly resolved     repository: { type: 'git', url: 'git://github.com/Automattic/socket.io' },
38 silly resolved     scripts: { test: 'make test' },
38 silly resolved     dependencies:
38 silly resolved      { 'engine.io': '1.4.0',
38 silly resolved        'socket.io-parser': '2.2.1',
38 silly resolved        'socket.io-client': '1.1.0',
38 silly resolved        'socket.io-adapter': '0.2.0',
38 silly resolved        'has-binary-data': '0.1.3',
38 silly resolved        debug: '0.7.4' },
38 silly resolved     devDependencies:
38 silly resolved      { mocha: '1.16.2',
38 silly resolved        'expect.js': '0.3.1',
38 silly resolved        supertest: '0.8.2',
38 silly resolved        superagent: '0.17.0',
38 silly resolved        istanbul: '0.2.3' },
38 silly resolved     contributors: [ [Object], [Object], [Object], [Object] ],
38 silly resolved     gitHead: '16483375a78e3dab95e95f1b3ed088b31e042275',
38 silly resolved     bugs: { url: 'https://github.com/Automattic/socket.io/issues' },
38 silly resolved     homepage: 'https://github.com/Automattic/socket.io',
38 silly resolved     _id: 'socket.io@1.1.0',
38 silly resolved     _shasum: '0825ecb5740f34c2319a40087c537a348010dbb6',
38 silly resolved     _from: 'socket.io@',
38 silly resolved     _npmVersion: '1.4.25',
38 silly resolved     _npmUser: { name: 'rauchg', email: 'rauchg@gmail.com' },
38 silly resolved     maintainers: [ [Object] ],
38 silly resolved     dist:
38 silly resolved      { shasum: '0825ecb5740f34c2319a40087c537a348010dbb6',
38 silly resolved        tarball: 'http://registry.npmjs.org/socket.io/-/socket.io-1.1.0.tgz' },
38 silly resolved     directories: {},
38 silly resolved     _resolved: 'https://registry.npmjs.org/socket.io/-/socket.io-1.1.0.tgz',
38 silly resolved     readme: 'ERROR: No README data found!' } ]
39 info install socket.io@1.1.0 into /usr/local/lib
40 info installOne socket.io@1.1.0
41 verbose lib/node_modules/socket.io unbuild
42 verbose tar unpack /Users/faizaanshamsi/.npm/socket.io/1.1.0/package.tgz
43 silly lockFile 33051dcf-local-lib-node-modules-socket-io tar:///usr/local/lib/node_modules/socket.io
44 verbose lock tar:///usr/local/lib/node_modules/socket.io /Users/faizaanshamsi/.npm/33051dcf-local-lib-node-modules-socket-io.lock
45 silly lockFile b1c85a9d--npm-socket-io-1-1-0-package-tgz tar:///Users/faizaanshamsi/.npm/socket.io/1.1.0/package.tgz
46 verbose lock tar:///Users/faizaanshamsi/.npm/socket.io/1.1.0/package.tgz /Users/faizaanshamsi/.npm/b1c85a9d--npm-socket-io-1-1-0-package-tgz.lock
47 silly gunzTarPerm modes [ '755', '644' ]
48 error Error: EACCES, mkdir '/usr/local/lib/node_modules/socket.io'
48 error  { [Error: EACCES, mkdir '/usr/local/lib/node_modules/socket.io']
48 error   errno: 3,
48 error   code: 'EACCES',
48 error   path: '/usr/local/lib/node_modules/socket.io',
48 error   fstream_type: 'Directory',
48 error   fstream_path: '/usr/local/lib/node_modules/socket.io',
48 error   fstream_class: 'DirWriter',
48 error   fstream_stack:
48 error    [ '/usr/local/lib/node_modules/npm/node_modules/fstream/lib/dir-writer.js:36:23',
48 error      '/usr/local/lib/node_modules/npm/node_modules/mkdirp/index.js:46:53',
48 error      'Object.oncomplete (fs.js:107:15)' ] }
49 error Please try running this command again as root/Administrator.
50 error System Darwin 13.4.0
51 error command "node" "/usr/local/bin/npm" "install" "-g" "socket.io"
52 error cwd /Users/faizaanshamsi/Dropbox/programs/ship
53 error node -v v0.10.32
54 error npm -v 1.4.28
55 error path /usr/local/lib/node_modules/socket.io
56 error fstream_path /usr/local/lib/node_modules/socket.io
57 error fstream_type Directory
58 error fstream_class DirWriter
59 error code EACCES
60 error errno 3
61 error stack Error: EACCES, mkdir '/usr/local/lib/node_modules/socket.io'
62 error fstream_stack /usr/local/lib/node_modules/npm/node_modules/fstream/lib/dir-writer.js:36:23
62 error fstream_stack /usr/local/lib/node_modules/npm/node_modules/mkdirp/index.js:46:53
62 error fstream_stack Object.oncomplete (fs.js:107:15)
63 verbose exit [ 3, true ]
